# JRE version: Java(TM) SE Runtime Environment (8.0_92-b14) (build 1.8.0_92-b14)
# Java VM: Java HotSpot(TM) Client VM (25.92-b14 mixed mode windows-x86 )
Heap:
 def new generation   total 39424K, used 29825K [0x04e00000, 0x078c0000, 0x0f8a0000)
  eden space 35072K,  72% used [0x04e00000, 0x066e0428, 0x07040000)
  from space 4352K, 100% used [0x07480000, 0x078c0000, 0x078c0000)
  to   space 4352K,   0% used [0x07040000, 0x07040000, 0x07480000)
 tenured generation   total 87424K, used 22262K [0x0f8a0000, 0x14e00000, 0x24e00000)
   the space 87424K,  25% used [0x0f8a0000, 0x10e5db28, 0x10e5dc00, 0x14e00000)
 Metaspace       used 17788K, capacity 18221K, committed 18304K, reserved 18816K
GC Heap History (10 events):
Event: 34.695 GC heap before
{Heap before GC invocations=0 (full 0):
 def new generation   total 39296K, used 34944K [0x04e00000, 0x078a0000, 0x0f8a0000)
  eden space 34944K, 100% used [0x04e00000, 0x07020000, 0x07020000)
  from space 4352K,   0% used [0x07020000, 0x07020000, 0x07460000)
  to   space 4352K,   0% used [0x07460000, 0x07460000, 0x078a0000)
 tenured generation   total 87424K, used 0K [0x0f8a0000, 0x14e00000, 0x24e00000)
   the space 87424K,   0% used [0x0f8a0000, 0x0f8a0000, 0x0f8a0200, 0x14e00000)
 Metaspace       used 9869K, capacity 10127K, committed 10240K, reserved 10624K
Event: 34.709 GC heap after
Heap after GC invocations=1 (full 0):
 def new generation   total 39296K, used 4352K [0x04e00000, 0x078a0000, 0x0f8a0000)
  eden space 34944K,   0% used [0x04e00000, 0x04e00000, 0x07020000)
  from space 4352K, 100% used [0x07460000, 0x078a0000, 0x078a0000)
  to   space 4352K,   0% used [0x07020000, 0x07020000, 0x07460000)
 tenured generation   total 87424K, used 2651K [0x0f8a0000, 0x14e00000, 0x24e00000)
   the space 87424K,   3% used [0x0f8a0000, 0x0fb36c38, 0x0fb36e00, 0x14e00000)
 Metaspace       used 9869K, capacity 10127K, committed 10240K, reserved 10624K
}
Event: 35.541 GC heap before
{Heap before GC invocations=1 (full 0):
 def new generation   total 39296K, used 39296K [0x04e00000, 0x078a0000, 0x0f8a0000)
  eden space 34944K, 100% used [0x04e00000, 0x07020000, 0x07020000)
  from space 4352K, 100% used [0x07460000, 0x078a0000, 0x078a0000)
  to   space 4352K,   0% used [0x07020000, 0x07020000, 0x07460000)
 tenured generation   total 87424K, used 2651K [0x0f8a0000, 0x14e00000, 0x24e00000)
   the space 87424K,   3% used [0x0f8a0000, 0x0fb36c38, 0x0fb36e00, 0x14e00000)
 Metaspace       used 10768K, capacity 11104K, committed 11136K, reserved 11648K
Event: 35.578 GC heap after
Heap after GC invocations=2 (full 0):
 def new generation   total 39296K, used 4352K [0x04e00000, 0x078a0000, 0x0f8a0000)
  eden space 34944K,   0% used [0x04e00000, 0x04e00000, 0x07020000)
  from space 4352K, 100% used [0x07020000, 0x07460000, 0x07460000)
  to   space 4352K,   0% used [0x07460000, 0x07460000, 0x078a0000)
 tenured generation   total 87424K, used 10853K [0x0f8a0000, 0x14e00000, 0x24e00000)
   the space 87424K,  12% used [0x0f8a0000, 0x10339588, 0x10339600, 0x14e00000)
 Metaspace       used 10768K, capacity 11104K, committed 11136K, reserved 11648K
}
Event: 36.516 GC heap before
{Heap before GC invocations=2 (full 0):
 def new generation   total 39296K, used 39296K [0x04e00000, 0x078a0000, 0x0f8a0000)
  eden space 34944K, 100% used [0x04e00000, 0x07020000, 0x07020000)
  from space 4352K, 100% used [0x07020000, 0x07460000, 0x07460000)
  to   space 4352K,   0% used [0x07460000, 0x07460000, 0x078a0000)
 tenured generation   total 87424K, used 10853K [0x0f8a0000, 0x14e00000, 0x24e00000)
   the space 87424K,  12% used [0x0f8a0000, 0x10339588, 0x10339600, 0x14e00000)
 Metaspace       used 10950K, capacity 11296K, committed 11392K, reserved 11648K
Event: 36.529 GC heap after
Heap after GC invocations=3 (full 0):
 def new generation   total 39296K, used 441K [0x04e00000, 0x078a0000, 0x0f8a0000)
  eden space 34944K,   0% used [0x04e00000, 0x04e00000, 0x07020000)
  from space 4352K,  10% used [0x07460000, 0x074ce590, 0x078a0000)
  to   space 4352K,   0% used [0x07020000, 0x07020000, 0x07460000)
 tenured generation   total 87424K, used 15187K [0x0f8a0000, 0x14e00000, 0x24e00000)
   the space 87424K,  17% used [0x0f8a0000, 0x10774ec8, 0x10775000, 0x14e00000)
 Metaspace       used 10950K, capacity 11296K, committed 11392K, reserved 11648K
}
Event: 37.844 GC heap before
{Heap before GC invocations=3 (full 0):
 def new generation   total 39296K, used 26104K [0x04e00000, 0x078a0000, 0x0f8a0000)
  eden space 34944K,  73% used [0x04e00000, 0x0670fb98, 0x07020000)
  from space 4352K,  10% used [0x07460000, 0x074ce590, 0x078a0000)
  to   space 4352K,   0% used [0x07020000, 0x07020000, 0x07460000)
 tenured generation   total 87424K, used 15187K [0x0f8a0000, 0x14e00000, 0x24e00000)
   the space 87424K,  17% used [0x0f8a0000, 0x10774ec8, 0x10775000, 0x14e00000)
 Metaspace       used 11913K, capacity 12266K, committed 12288K, reserved 12672K
Event: 37.891 GC heap after
Heap after GC invocations=4 (full 1):
 def new generation   total 39424K, used 0K [0x04e00000, 0x078c0000, 0x0f8a0000)
  eden space 35072K,   0% used [0x04e00000, 0x04e00000, 0x07040000)
  from space 4352K,   0% used [0x07040000, 0x07040000, 0x07480000)
  to   space 4352K,   0% used [0x07480000, 0x07480000, 0x078c0000)
 tenured generation   total 87424K, used 18488K [0x0f8a0000, 0x14e00000, 0x24e00000)
   the space 87424K,  21% used [0x0f8a0000, 0x10aae310, 0x10aae400, 0x14e00000)
 Metaspace       used 11913K, capacity 12266K, committed 12288K, reserved 12672K
}
Event: 98.832 GC heap before
{Heap before GC invocations=4 (full 1):
 def new generation   total 39424K, used 35072K [0x04e00000, 0x078c0000, 0x0f8a0000)
  eden space 35072K, 100% used [0x04e00000, 0x07040000, 0x07040000)
  from space 4352K,   0% used [0x07040000, 0x07040000, 0x07480000)
  to   space 4352K,   0% used [0x07480000, 0x07480000, 0x078c0000)
 tenured generation   total 87424K, used 18488K [0x0f8a0000, 0x14e00000, 0x24e00000)
   the space 87424K,  21% used [0x0f8a0000, 0x10aae310, 0x10aae400, 0x14e00000)
 Metaspace       used 16819K, capacity 17226K, committed 17280K, reserved 17792K
Event: 98.855 GC heap after
Heap after GC invocations=5 (full 1):
 def new generation   total 39424K, used 4352K [0x04e00000, 0x078c0000, 0x0f8a0000)
  eden space 35072K,   0% used [0x04e00000, 0x04e00000, 0x07040000)
  from space 4352K, 100% used [0x07480000, 0x078c0000, 0x078c0000)
  to   space 4352K,   0% used [0x07040000, 0x07040000, 0x07480000)
 tenured generation   total 87424K, used 22262K [0x0f8a0000, 0x14e00000, 0x24e00000)
   the space 87424K,  25% used [0x0f8a0000, 0x10e5db28, 0x10e5dc00, 0x14e00000)
 Metaspace       used 16819K, capacity 17226K, committed 17280K, reserved 17792K
}

