# JRE version: Java(TM) SE Runtime Environment (8.0_92-b14) (build 1.8.0_92-b14)
# Java VM: Java HotSpot(TM) Client VM (25.92-b14 mixed mode windows-x86 )
Heap:
 def new generation   total 39424K, used 17518K [0x05000000, 0x07ac0000, 0x0faa0000)
  eden space 35072K,  49% used [0x05000000, 0x0611b400, 0x07240000)
  from space 4352K,   0% used [0x07240000, 0x07240798, 0x07680000)
  to   space 4352K,   0% used [0x07680000, 0x07680000, 0x07ac0000)
 tenured generation   total 87424K, used 37069K [0x0faa0000, 0x15000000, 0x25000000)
   the space 87424K,  42% used [0x0faa0000, 0x11ed36e0, 0x11ed3800, 0x15000000)
 Metaspace       used 18758K, capacity 19235K, committed 19328K, reserved 19840K
GC Heap History (10 events):
Event: 66.179 GC heap before
{Heap before GC invocations=5 (full 1):
 def new generation   total 39424K, used 39424K [0x05000000, 0x07ac0000, 0x0faa0000)
  eden space 35072K, 100% used [0x05000000, 0x07240000, 0x07240000)
  from space 4352K, 100% used [0x07680000, 0x07ac0000, 0x07ac0000)
  to   space 4352K,   0% used [0x07240000, 0x07240000, 0x07680000)
 tenured generation   total 87424K, used 19128K [0x0faa0000, 0x15000000, 0x25000000)
   the space 87424K,  21% used [0x0faa0000, 0x10d4e3a0, 0x10d4e400, 0x15000000)
 Metaspace       used 18214K, capacity 18688K, committed 18816K, reserved 18816K
Event: 66.210 GC heap after
Heap after GC invocations=6 (full 1):
 def new generation   total 39424K, used 4352K [0x05000000, 0x07ac0000, 0x0faa0000)
  eden space 35072K,   0% used [0x05000000, 0x05000000, 0x07240000)
  from space 4352K, 100% used [0x07240000, 0x07680000, 0x07680000)
  to   space 4352K,   0% used [0x07680000, 0x07680000, 0x07ac0000)
 tenured generation   total 87424K, used 23810K [0x0faa0000, 0x15000000, 0x25000000)
   the space 87424K,  27% used [0x0faa0000, 0x111e08b0, 0x111e0a00, 0x15000000)
 Metaspace       used 18214K, capacity 18688K, committed 18816K, reserved 18816K
}
Event: 858.563 GC heap before
{Heap before GC invocations=6 (full 1):
 def new generation   total 39424K, used 39424K [0x05000000, 0x07ac0000, 0x0faa0000)
  eden space 35072K, 100% used [0x05000000, 0x07240000, 0x07240000)
  from space 4352K, 100% used [0x07240000, 0x07680000, 0x07680000)
  to   space 4352K,   0% used [0x07680000, 0x07680000, 0x07ac0000)
 tenured generation   total 87424K, used 23810K [0x0faa0000, 0x15000000, 0x25000000)
   the space 87424K,  27% used [0x0faa0000, 0x111e08b0, 0x111e0a00, 0x15000000)
 Metaspace       used 18377K, capacity 18880K, committed 18944K, reserved 19840K
Event: 858.584 GC heap after
Heap after GC invocations=7 (full 1):
 def new generation   total 39424K, used 1606K [0x05000000, 0x07ac0000, 0x0faa0000)
  eden space 35072K,   0% used [0x05000000, 0x05000000, 0x07240000)
  from space 4352K,  36% used [0x07680000, 0x07811b70, 0x07ac0000)
  to   space 4352K,   0% used [0x07240000, 0x07240000, 0x07680000)
 tenured generation   total 87424K, used 27677K [0x0faa0000, 0x15000000, 0x25000000)
   the space 87424K,  31% used [0x0faa0000, 0x115a7688, 0x115a7800, 0x15000000)
 Metaspace       used 18377K, capacity 18880K, committed 18944K, reserved 19840K
}
Event: 1329.013 GC heap before
{Heap before GC invocations=7 (full 1):
 def new generation   total 39424K, used 36678K [0x05000000, 0x07ac0000, 0x0faa0000)
  eden space 35072K, 100% used [0x05000000, 0x07240000, 0x07240000)
  from space 4352K,  36% used [0x07680000, 0x07811b70, 0x07ac0000)
  to   space 4352K,   0% used [0x07240000, 0x07240000, 0x07680000)
 tenured generation   total 87424K, used 27677K [0x0faa0000, 0x15000000, 0x25000000)
   the space 87424K,  31% used [0x0faa0000, 0x115a7688, 0x115a7800, 0x15000000)
 Metaspace       used 18423K, capacity 18912K, committed 18944K, reserved 19840K
Event: 1329.064 GC heap after
Heap after GC invocations=8 (full 1):
 def new generation   total 39424K, used 4352K [0x05000000, 0x07ac0000, 0x0faa0000)
  eden space 35072K,   0% used [0x05000000, 0x05000000, 0x07240000)
  from space 4352K, 100% used [0x07240000, 0x07680000, 0x07680000)
  to   space 4352K,   0% used [0x07680000, 0x07680000, 0x07ac0000)
 tenured generation   total 87424K, used 28174K [0x0faa0000, 0x15000000, 0x25000000)
   the space 87424K,  32% used [0x0faa0000, 0x11623bc8, 0x11623c00, 0x15000000)
 Metaspace       used 18423K, capacity 18912K, committed 18944K, reserved 19840K
}
Event: 1635.091 GC heap before
{Heap before GC invocations=8 (full 1):
 def new generation   total 39424K, used 39424K [0x05000000, 0x07ac0000, 0x0faa0000)
  eden space 35072K, 100% used [0x05000000, 0x07240000, 0x07240000)
  from space 4352K, 100% used [0x07240000, 0x07680000, 0x07680000)
  to   space 4352K,   0% used [0x07680000, 0x07680000, 0x07ac0000)
 tenured generation   total 87424K, used 28174K [0x0faa0000, 0x15000000, 0x25000000)
   the space 87424K,  32% used [0x0faa0000, 0x11623bc8, 0x11623c00, 0x15000000)
 Metaspace       used 18758K, capacity 19235K, committed 19328K, reserved 19840K
Event: 1635.126 GC heap after
Heap after GC invocations=9 (full 1):
 def new generation   total 39424K, used 2865K [0x05000000, 0x07ac0000, 0x0faa0000)
  eden space 35072K,   0% used [0x05000000, 0x05000000, 0x07240000)
  from space 4352K,  65% used [0x07680000, 0x0794c6b0, 0x07ac0000)
  to   space 4352K,   0% used [0x07240000, 0x07240000, 0x07680000)
 tenured generation   total 87424K, used 34366K [0x0faa0000, 0x15000000, 0x25000000)
   the space 87424K,  39% used [0x0faa0000, 0x11c2fb00, 0x11c2fc00, 0x15000000)
 Metaspace       used 18758K, capacity 19235K, committed 19328K, reserved 19840K
}
Event: 2614.906 GC heap before
{Heap before GC invocations=9 (full 1):
 def new generation   total 39424K, used 37937K [0x05000000, 0x07ac0000, 0x0faa0000)
  eden space 35072K, 100% used [0x05000000, 0x07240000, 0x07240000)
  from space 4352K,  65% used [0x07680000, 0x0794c6b0, 0x07ac0000)
  to   space 4352K,   0% used [0x07240000, 0x07240000, 0x07680000)
 tenured generation   total 87424K, used 34366K [0x0faa0000, 0x15000000, 0x25000000)
   the space 87424K,  39% used [0x0faa0000, 0x11c2fb00, 0x11c2fc00, 0x15000000)
 Metaspace       used 18758K, capacity 19235K, committed 19328K, reserved 19840K
Event: 2614.919 GC heap after
Heap after GC invocations=10 (full 1):
 def new generation   total 39424K, used 1K [0x05000000, 0x07ac0000, 0x0faa0000)
  eden space 35072K,   0% used [0x05000000, 0x05000000, 0x07240000)
  from space 4352K,   0% used [0x07240000, 0x07240798, 0x07680000)
  to   space 4352K,   0% used [0x07680000, 0x07680000, 0x07ac0000)
 tenured generation   total 87424K, used 37069K [0x0faa0000, 0x15000000, 0x25000000)
   the space 87424K,  42% used [0x0faa0000, 0x11ed36e0, 0x11ed3800, 0x15000000)
 Metaspace       used 18758K, capacity 19235K, committed 19328K, reserved 19840K
}

