# JRE version: Java(TM) SE Runtime Environment (8.0_92-b14) (build 1.8.0_92-b14)
# Java VM: Java HotSpot(TM) Client VM (25.92-b14 mixed mode windows-x86 )
Heap:
 def new generation   total 39424K, used 1185K [0x05200000, 0x07cc0000, 0x0fca0000)
  eden space 35072K,   1% used [0x05200000, 0x052a7c78, 0x07440000)
  from space 4352K,  11% used [0x07440000, 0x074c09d8, 0x07880000)
  to   space 4352K,   0% used [0x07880000, 0x07880000, 0x07cc0000)
 tenured generation   total 87424K, used 54687K [0x0fca0000, 0x15200000, 0x25200000)
   the space 87424K,  62% used [0x0fca0000, 0x13207f50, 0x13208000, 0x15200000)
 Metaspace       used 18742K, capacity 19215K, committed 19328K, reserved 19840K
GC Heap History (10 events):
Event: 6608.942 GC heap before
{Heap before GC invocations=43 (full 1):
 def new generation   total 39424K, used 35515K [0x05200000, 0x07cc0000, 0x0fca0000)
  eden space 35072K, 100% used [0x05200000, 0x07440000, 0x07440000)
  from space 4352K,  10% used [0x07880000, 0x078eeeb0, 0x07cc0000)
  to   space 4352K,   0% used [0x07440000, 0x07440000, 0x07880000)
 tenured generation   total 87424K, used 54323K [0x0fca0000, 0x15200000, 0x25200000)
   the space 87424K,  62% used [0x0fca0000, 0x131accd0, 0x131ace00, 0x15200000)
 Metaspace       used 18725K, capacity 19215K, committed 19328K, reserved 19840K
Event: 6608.944 GC heap after
Heap after GC invocations=44 (full 1):
 def new generation   total 39424K, used 542K [0x05200000, 0x07cc0000, 0x0fca0000)
  eden space 35072K,   0% used [0x05200000, 0x05200000, 0x07440000)
  from space 4352K,  12% used [0x07440000, 0x074c7808, 0x07880000)
  to   space 4352K,   0% used [0x07880000, 0x07880000, 0x07cc0000)
 tenured generation   total 87424K, used 54323K [0x0fca0000, 0x15200000, 0x25200000)
   the space 87424K,  62% used [0x0fca0000, 0x131accd0, 0x131ace00, 0x15200000)
 Metaspace       used 18725K, capacity 19215K, committed 19328K, reserved 19840K
}
Event: 6803.343 GC heap before
{Heap before GC invocations=44 (full 1):
 def new generation   total 39424K, used 35614K [0x05200000, 0x07cc0000, 0x0fca0000)
  eden space 35072K, 100% used [0x05200000, 0x07440000, 0x07440000)
  from space 4352K,  12% used [0x07440000, 0x074c7808, 0x07880000)
  to   space 4352K,   0% used [0x07880000, 0x07880000, 0x07cc0000)
 tenured generation   total 87424K, used 54323K [0x0fca0000, 0x15200000, 0x25200000)
   the space 87424K,  62% used [0x0fca0000, 0x131accd0, 0x131ace00, 0x15200000)
 Metaspace       used 18725K, capacity 19215K, committed 19328K, reserved 19840K
Event: 6803.346 GC heap after
Heap after GC invocations=45 (full 1):
 def new generation   total 39424K, used 816K [0x05200000, 0x07cc0000, 0x0fca0000)
  eden space 35072K,   0% used [0x05200000, 0x05200000, 0x07440000)
  from space 4352K,  18% used [0x07880000, 0x0794c1d8, 0x07cc0000)
  to   space 4352K,   0% used [0x07440000, 0x07440000, 0x07880000)
 tenured generation   total 87424K, used 54323K [0x0fca0000, 0x15200000, 0x25200000)
   the space 87424K,  62% used [0x0fca0000, 0x131accd0, 0x131ace00, 0x15200000)
 Metaspace       used 18725K, capacity 19215K, committed 19328K, reserved 19840K
}
Event: 7029.655 GC heap before
{Heap before GC invocations=45 (full 1):
 def new generation   total 39424K, used 35888K [0x05200000, 0x07cc0000, 0x0fca0000)
  eden space 35072K, 100% used [0x05200000, 0x07440000, 0x07440000)
  from space 4352K,  18% used [0x07880000, 0x0794c1d8, 0x07cc0000)
  to   space 4352K,   0% used [0x07440000, 0x07440000, 0x07880000)
 tenured generation   total 87424K, used 54323K [0x0fca0000, 0x15200000, 0x25200000)
   the space 87424K,  62% used [0x0fca0000, 0x131accd0, 0x131ace00, 0x15200000)
 Metaspace       used 18742K, capacity 19215K, committed 19328K, reserved 19840K
Event: 7029.662 GC heap after
Heap after GC invocations=46 (full 1):
 def new generation   total 39424K, used 2505K [0x05200000, 0x07cc0000, 0x0fca0000)
  eden space 35072K,   0% used [0x05200000, 0x05200000, 0x07440000)
  from space 4352K,  57% used [0x07440000, 0x076b2750, 0x07880000)
  to   space 4352K,   0% used [0x07880000, 0x07880000, 0x07cc0000)
 tenured generation   total 87424K, used 54323K [0x0fca0000, 0x15200000, 0x25200000)
   the space 87424K,  62% used [0x0fca0000, 0x131accd0, 0x131ace00, 0x15200000)
 Metaspace       used 18742K, capacity 19215K, committed 19328K, reserved 19840K
}
Event: 7354.245 GC heap before
{Heap before GC invocations=46 (full 1):
 def new generation   total 39424K, used 37577K [0x05200000, 0x07cc0000, 0x0fca0000)
  eden space 35072K, 100% used [0x05200000, 0x07440000, 0x07440000)
  from space 4352K,  57% used [0x07440000, 0x076b2750, 0x07880000)
  to   space 4352K,   0% used [0x07880000, 0x07880000, 0x07cc0000)
 tenured generation   total 87424K, used 54323K [0x0fca0000, 0x15200000, 0x25200000)
   the space 87424K,  62% used [0x0fca0000, 0x131accd0, 0x131ace00, 0x15200000)
 Metaspace       used 18742K, capacity 19215K, committed 19328K, reserved 19840K
Event: 7354.249 GC heap after
Heap after GC invocations=47 (full 1):
 def new generation   total 39424K, used 673K [0x05200000, 0x07cc0000, 0x0fca0000)
  eden space 35072K,   0% used [0x05200000, 0x05200000, 0x07440000)
  from space 4352K,  15% used [0x07880000, 0x07928780, 0x07cc0000)
  to   space 4352K,   0% used [0x07440000, 0x07440000, 0x07880000)
 tenured generation   total 87424K, used 54687K [0x0fca0000, 0x15200000, 0x25200000)
   the space 87424K,  62% used [0x0fca0000, 0x13207f50, 0x13208000, 0x15200000)
 Metaspace       used 18742K, capacity 19215K, committed 19328K, reserved 19840K
}
Event: 7691.264 GC heap before
{Heap before GC invocations=47 (full 1):
 def new generation   total 39424K, used 35745K [0x05200000, 0x07cc0000, 0x0fca0000)
  eden space 35072K, 100% used [0x05200000, 0x07440000, 0x07440000)
  from space 4352K,  15% used [0x07880000, 0x07928780, 0x07cc0000)
  to   space 4352K,   0% used [0x07440000, 0x07440000, 0x07880000)
 tenured generation   total 87424K, used 54687K [0x0fca0000, 0x15200000, 0x25200000)
   the space 87424K,  62% used [0x0fca0000, 0x13207f50, 0x13208000, 0x15200000)
 Metaspace       used 18742K, capacity 19215K, committed 19328K, reserved 19840K
Event: 7691.268 GC heap after
Heap after GC invocations=48 (full 1):
 def new generation   total 39424K, used 514K [0x05200000, 0x07cc0000, 0x0fca0000)
  eden space 35072K,   0% used [0x05200000, 0x05200000, 0x07440000)
  from space 4352K,  11% used [0x07440000, 0x074c09d8, 0x07880000)
  to   space 4352K,   0% used [0x07880000, 0x07880000, 0x07cc0000)
 tenured generation   total 87424K, used 54687K [0x0fca0000, 0x15200000, 0x25200000)
   the space 87424K,  62% used [0x0fca0000, 0x13207f50, 0x13208000, 0x15200000)
 Metaspace       used 18742K, capacity 19215K, committed 19328K, reserved 19840K
}

